# JRE version: Java(TM) SE Runtime Environment (8.0_73-b02) (build 1.8.0_73-b02)
# Java VM: Java HotSpot(TM) Client VM (25.73-b02 mixed mode linux-arm )
Heap:
 def new generation   total 5120K, used 996K [0xa4000000, 0xa4580000, 0xa9540000)
  eden space 4608K,  21% used [0xa4000000, 0xa40f80d0, 0xa4480000)
  from space 512K,   0% used [0xa4500000, 0xa4501170, 0xa4580000)
  to   space 512K,   0% used [0xa4480000, 0xa4480000, 0xa4500000)
 tenured generation   total 11008K, used 6548K [0xa9540000, 0xaa000000, 0xb4000000)
   the space 11008K,  59% used [0xa9540000, 0xa9ba53f0, 0xa9ba5400, 0xaa000000)
 Metaspace       used 7493K, capacity 7667K, committed 7832K, reserved 8496K
GC Heap History (10 events):
Event: 29.325 GC heap before
{Heap before GC invocations=139 (full 23):
 def new generation   total 5120K, used 4609K [0xa4000000, 0xa4580000, 0xa9540000)
  eden space 4608K, 100% used [0xa4000000, 0xa4480000, 0xa4480000)
  from space 512K,   0% used [0xa4480000, 0xa44806d8, 0xa4500000)
  to   space 512K,   0% used [0xa4500000, 0xa4500000, 0xa4580000)
 tenured generation   total 11008K, used 7447K [0xa9540000, 0xaa000000, 0xb4000000)
   the space 11008K,  67% used [0xa9540000, 0xa9c85c88, 0xa9c85e00, 0xaa000000)
 Metaspace       used 7493K, capacity 7667K, committed 7832K, reserved 8496K
Event: 29.330 GC heap after
Heap after GC invocations=140 (full 23):
 def new generation   total 5120K, used 4K [0xa4000000, 0xa4580000, 0xa9540000)
  eden space 4608K,   0% used [0xa4000000, 0xa4000000, 0xa4480000)
  from space 512K,   0% used [0xa4500000, 0xa45011c0, 0xa4580000)
  to   space 512K,   0% used [0xa4480000, 0xa4480000, 0xa4500000)
 tenured generation   total 11008K, used 8347K [0xa9540000, 0xaa000000, 0xb4000000)
   the space 11008K,  75% used [0xa9540000, 0xa9d66c98, 0xa9d66e00, 0xaa000000)
 Metaspace       used 7493K, capacity 7667K, committed 7832K, reserved 8496K
}
Event: 29.510 GC heap before
{Heap before GC invocations=140 (full 23):
 def new generation   total 5120K, used 4602K [0xa4000000, 0xa4580000, 0xa9540000)
  eden space 4608K,  99% used [0xa4000000, 0xa447d878, 0xa4480000)
  from space 512K,   0% used [0xa4500000, 0xa45011c0, 0xa4580000)
  to   space 512K,   0% used [0xa4480000, 0xa4480000, 0xa4500000)
 tenured generation   total 11008K, used 8347K [0xa9540000, 0xaa000000, 0xb4000000)
   the space 11008K,  75% used [0xa9540000, 0xa9d66c98, 0xa9d66e00, 0xaa000000)
 Metaspace       used 7493K, capacity 7667K, committed 7832K, reserved 8496K
Event: 29.513 GC heap after
Heap after GC invocations=141 (full 23):
 def new generation   total 5120K, used 6K [0xa4000000, 0xa4580000, 0xa9540000)
  eden space 4608K,   0% used [0xa4000000, 0xa4000000, 0xa4480000)
  from space 512K,   1% used [0xa4480000, 0xa4481978, 0xa4500000)
  to   space 512K,   0% used [0xa4500000, 0xa4500000, 0xa4580000)
 tenured generation   total 11008K, used 10147K [0xa9540000, 0xaa000000, 0xb4000000)
   the space 11008K,  92% used [0xa9540000, 0xa9f28cb8, 0xa9f28e00, 0xaa000000)
 Metaspace       used 7493K, capacity 7667K, committed 7832K, reserved 8496K
}
Event: 29.710 GC heap before
{Heap before GC invocations=141 (full 23):
 def new generation   total 5120K, used 4608K [0xa4000000, 0xa4580000, 0xa9540000)
  eden space 4608K,  99% used [0xa4000000, 0xa447e730, 0xa4480000)
  from space 512K,   1% used [0xa4480000, 0xa4481978, 0xa4500000)
  to   space 512K,   0% used [0xa4500000, 0xa4500000, 0xa4580000)
 tenured generation   total 11008K, used 10147K [0xa9540000, 0xaa000000, 0xb4000000)
   the space 11008K,  92% used [0xa9540000, 0xa9f28cb8, 0xa9f28e00, 0xaa000000)
 Metaspace       used 7493K, capacity 7667K, committed 7832K, reserved 8496K
Event: 29.770 GC heap after
Heap after GC invocations=142 (full 24):
 def new generation   total 5120K, used 0K [0xa4000000, 0xa4580000, 0xa9540000)
  eden space 4608K,   0% used [0xa4000000, 0xa4000000, 0xa4480000)
  from space 512K,   0% used [0xa4500000, 0xa4500000, 0xa4580000)
  to   space 512K,   0% used [0xa4480000, 0xa4480000, 0xa4500000)
 tenured generation   total 11008K, used 3848K [0xa9540000, 0xaa000000, 0xb4000000)
   the space 11008K,  34% used [0xa9540000, 0xa99023c0, 0xa9902400, 0xaa000000)
 Metaspace       used 7493K, capacity 7667K, committed 7832K, reserved 8496K
}
Event: 29.925 GC heap before
{Heap before GC invocations=142 (full 24):
 def new generation   total 5120K, used 4602K [0xa4000000, 0xa4580000, 0xa9540000)
  eden space 4608K,  99% used [0xa4000000, 0xa447e9d0, 0xa4480000)
  from space 512K,   0% used [0xa4500000, 0xa4500000, 0xa4580000)
  to   space 512K,   0% used [0xa4480000, 0xa4480000, 0xa4500000)
 tenured generation   total 11008K, used 3848K [0xa9540000, 0xaa000000, 0xb4000000)
   the space 11008K,  34% used [0xa9540000, 0xa99023c0, 0xa9902400, 0xaa000000)
 Metaspace       used 7493K, capacity 7667K, committed 7832K, reserved 8496K
Event: 29.927 GC heap after
Heap after GC invocations=143 (full 24):
 def new generation   total 5120K, used 1K [0xa4000000, 0xa4580000, 0xa9540000)
  eden space 4608K,   0% used [0xa4000000, 0xa4000000, 0xa4480000)
  from space 512K,   0% used [0xa4480000, 0xa4480658, 0xa4500000)
  to   space 512K,   0% used [0xa4500000, 0xa4500000, 0xa4580000)
 tenured generation   total 11008K, used 4748K [0xa9540000, 0xaa000000, 0xb4000000)
   the space 11008K,  43% used [0xa9540000, 0xa99e33d0, 0xa99e3400, 0xaa000000)
 Metaspace       used 7493K, capacity 7667K, committed 7832K, reserved 8496K
}
Event: 30.064 GC heap before
{Heap before GC invocations=143 (full 24):
 def new generation   total 5120K, used 4606K [0xa4000000, 0xa4580000, 0xa9540000)
  eden space 4608K,  99% used [0xa4000000, 0xa447f3c0, 0xa4480000)
  from space 512K,   0% used [0xa4480000, 0xa4480658, 0xa4500000)
  to   space 512K,   0% used [0xa4500000, 0xa4500000, 0xa4580000)
 tenured generation   total 11008K, used 4748K [0xa9540000, 0xaa000000, 0xb4000000)
   the space 11008K,  43% used [0xa9540000, 0xa99e33d0, 0xa99e3400, 0xaa000000)
 Metaspace       used 7493K, capacity 7667K, committed 7832K, reserved 8496K
Event: 30.067 GC heap after
Heap after GC invocations=144 (full 24):
 def new generation   total 5120K, used 4K [0xa4000000, 0xa4580000, 0xa9540000)
  eden space 4608K,   0% used [0xa4000000, 0xa4000000, 0xa4480000)
  from space 512K,   0% used [0xa4500000, 0xa4501170, 0xa4580000)
  to   space 512K,   0% used [0xa4480000, 0xa4480000, 0xa4500000)
 tenured generation   total 11008K, used 6548K [0xa9540000, 0xaa000000, 0xb4000000)
   the space 11008K,  59% used [0xa9540000, 0xa9ba53f0, 0xa9ba5400, 0xaa000000)
 Metaspace       used 7493K, capacity 7667K, committed 7832K, reserved 8496K
}

